\BOOKMARK [0][-]{chapter*.1}{Acknowledgment}{}% 1
\BOOKMARK [0][-]{chapter*.1}{Abstract}{}% 2
\BOOKMARK [0][-]{chapter*.2}{List of Figures}{}% 3
\BOOKMARK [0][-]{chapter*.3}{List of Tables}{}% 4
\BOOKMARK [0][-]{chapter.1}{Introduction}{}% 5
\BOOKMARK [1][-]{section*.6}{Background of the Study}{chapter.1}% 6
\BOOKMARK [1][-]{section*.6}{Statement of the Problem}{chapter.1}% 7
\BOOKMARK [1][-]{section*.6}{Significance of the Study}{chapter.1}% 8
\BOOKMARK [1][-]{section*.6}{Scope and Delimitation}{chapter.1}% 9
\BOOKMARK [1][-]{section*.6}{Definition of Terms}{chapter.1}% 10
\BOOKMARK [0][-]{chapter.2}{Review of Related Literature}{}% 11
\BOOKMARK [0][-]{chapter.3}{Methodology}{}% 12
\BOOKMARK [1][-]{section*.9}{Research Design}{chapter.3}% 13
\BOOKMARK [1][-]{section*.9}{Sources of Data}{chapter.3}% 14
\BOOKMARK [1][-]{section*.9}{Locale of the Study}{chapter.3}% 15
\BOOKMARK [1][-]{section*.9}{Population/Sampling}{chapter.3}% 16
\BOOKMARK [1][-]{section*.9}{Instrumentation and Data Collection}{chapter.3}% 17
\BOOKMARK [1][-]{section*.9}{Protocol}{chapter.3}% 18
\BOOKMARK [1][-]{section*.9}{Research Paradigm}{chapter.3}% 19
\BOOKMARK [0][-]{chapter.4}{Results and discussion}{}% 20
\BOOKMARK [0][-]{chapter.5}{Summary, Conclusion, and Recommendations}{}% 21
\BOOKMARK [1][-]{section*.17}{Summary and Conclusion}{chapter.5}% 22
\BOOKMARK [1][-]{section*.17}{Recommendations}{chapter.5}% 23
\BOOKMARK [0][-]{appendix.A}{Summary of R Codes Used}{}% 24
\BOOKMARK [0][-]{appendix.B}{Full output for the decomposed Bagiuo rainfall time deries data}{}% 25
\BOOKMARK [0][-]{figure.B.1}{Biographical Sketch}{}% 26
