\BOOKMARK [0][-]{chapter*.1}{Biographical Sketch}{}% 1
\BOOKMARK [0][-]{chapter*.2}{Acknowledgments}{}% 2
\BOOKMARK [0][-]{chapter*.2}{Abstract}{}% 3
\BOOKMARK [0][-]{chapter*.3}{List of Figures}{}% 4
\BOOKMARK [0][-]{chapter*.4}{List of Tables}{}% 5
\BOOKMARK [0][-]{chapter.1}{Introduction}{}% 6
\BOOKMARK [1][-]{section*.7}{Background of the Study}{chapter.1}% 7
\BOOKMARK [1][-]{section*.7}{Statement of the Problem}{chapter.1}% 8
\BOOKMARK [1][-]{section*.7}{Significance of the Study}{chapter.1}% 9
\BOOKMARK [1][-]{section*.7}{Scope and Delimitation}{chapter.1}% 10
\BOOKMARK [1][-]{section*.7}{Definition of Terms}{chapter.1}% 11
\BOOKMARK [0][-]{chapter.2}{Review of related literature}{}% 12
\BOOKMARK [0][-]{chapter.3}{Methodology}{}% 13
\BOOKMARK [1][-]{section*.10}{Research Design}{chapter.3}% 14
\BOOKMARK [1][-]{section*.10}{Sources of Data}{chapter.3}% 15
\BOOKMARK [1][-]{section*.10}{Locale of the Study}{chapter.3}% 16
\BOOKMARK [1][-]{section*.10}{Population/Sampling}{chapter.3}% 17
\BOOKMARK [1][-]{section*.10}{Instrumentation and Data Collection}{chapter.3}% 18
\BOOKMARK [1][-]{section*.10}{Protocol}{chapter.3}% 19
\BOOKMARK [1][-]{section*.10}{Research Paradigm}{chapter.3}% 20
\BOOKMARK [0][-]{chapter.4}{Results and discussion}{}% 21
\BOOKMARK [0][-]{chapter.5}{Summary, Conclusion, and Recommendations}{}% 22
\BOOKMARK [1][-]{section*.18}{Summary and Conclusion}{chapter.5}% 23
\BOOKMARK [1][-]{section*.18}{Recommendations}{chapter.5}% 24
\BOOKMARK [0][-]{appendix.A}{Summary of R Codes Used}{}% 25
\BOOKMARK [0][-]{appendix.B}{Full output for the decomposed Bagiuo rainfall time deries data}{}% 26
