\BOOKMARK [0][-]{chapter*.1}{Biographical Sketch}{}% 1
\BOOKMARK [0][-]{chapter*.1}{Biographical Sketch}{}% 2
\BOOKMARK [0][-]{chapter*.3}{Acknowledgments}{}% 3
\BOOKMARK [0][-]{chapter*.3}{Abstract}{}% 4
\BOOKMARK [0][-]{chapter*.4}{List of Figures}{}% 5
\BOOKMARK [0][-]{chapter*.5}{List of Tables}{}% 6
\BOOKMARK [0][-]{chapter.1}{Introduction}{}% 7
\BOOKMARK [1][-]{section*.8}{Background of the Study}{chapter.1}% 8
\BOOKMARK [1][-]{section*.8}{Statement of the Problem}{chapter.1}% 9
\BOOKMARK [1][-]{section*.8}{Significance of the Study}{chapter.1}% 10
\BOOKMARK [1][-]{section*.8}{Scope and Delimitation}{chapter.1}% 11
\BOOKMARK [1][-]{section*.8}{Definition of Terms}{chapter.1}% 12
\BOOKMARK [0][-]{chapter.2}{Review of Related Literature}{}% 13
\BOOKMARK [0][-]{chapter.3}{Methodology}{}% 14
\BOOKMARK [1][-]{section*.11}{Research Design}{chapter.3}% 15
\BOOKMARK [1][-]{section*.11}{Sources of Data}{chapter.3}% 16
\BOOKMARK [1][-]{section*.11}{Locale of the Study}{chapter.3}% 17
\BOOKMARK [1][-]{section*.11}{Population/Sampling}{chapter.3}% 18
\BOOKMARK [1][-]{section*.11}{Instrumentation and Data Collection}{chapter.3}% 19
\BOOKMARK [1][-]{section*.11}{Protocol}{chapter.3}% 20
\BOOKMARK [1][-]{section*.11}{Research Paradigm}{chapter.3}% 21
\BOOKMARK [0][-]{chapter.4}{Results and discussion}{}% 22
\BOOKMARK [0][-]{chapter.5}{Summary, Conclusion, and Recommendations}{}% 23
\BOOKMARK [1][-]{section*.19}{Summary and Conclusion}{chapter.5}% 24
\BOOKMARK [1][-]{section*.19}{Recommendations}{chapter.5}% 25
\BOOKMARK [0][-]{appendix.A}{Summary of R Codes Used}{}% 26
\BOOKMARK [0][-]{appendix.B}{Full output for the decomposed Bagiuo rainfall time deries data}{}% 27
